This file contains any messages produced by compilers while
running configure, to aid debugging if configure makes a mistake.

It was created by chrono configure 0.2.43, which was
generated by GNU Autoconf 2.71.  Invocation command line was

  $ ./configure

## --------- ##
## Platform. ##
## --------- ##

hostname = BSFC-LT04
uname -m = x86_64
uname -r = 5.17.12-bsfc57
uname -s = Linux
uname -v = #1 SMP PREEMPT Fri Jun 3 18:20:33 EDT 2022

/usr/bin/uname -p = x86_64
/bin/uname -X     = unknown

/bin/arch              = unknown
/usr/bin/arch -k       = unknown
/usr/convex/getsysinfo = unknown
/usr/bin/hostinfo      = unknown
/bin/machine           = unknown
/usr/bin/oslevel       = unknown
/bin/universe          = unknown

PATH: /usr/local/bin/
PATH: /abin/
PATH: /opt/bin/
PATH: /opt/sbin/
PATH: /usr/local/sbin/
PATH: /sbin/
PATH: /bin/
PATH: /usr/sbin/
PATH: /usr/bin/
PATH: /usr/local/bin/
PATH: /usr/X11/bin/
PATH: /usr/local/games/
PATH: /usr/games/
PATH: /home/bsfc/.local/bin/


## ----------- ##
## Core tests. ##
## ----------- ##

configure:2402: looking for aux files: config.guess config.sub compile missing install-sh
configure:2415:  trying ./
configure:2444:   ./config.guess found
configure:2444:   ./config.sub found
configure:2444:   ./compile found
configure:2444:   ./missing found
configure:2426:   ./install-sh found
configure:2574: checking for a BSD-compatible install
configure:2647: result: /usr/bin/install -c
configure:2658: checking whether build environment is sane
configure:2713: result: yes
configure:2872: checking for a race-free mkdir -p
configure:2916: result: /usr/bin/mkdir -p
configure:2923: checking for gawk
configure:2944: found /usr/bin/gawk
configure:2955: result: gawk
configure:2966: checking whether make sets $(MAKE)
configure:2989: result: yes
configure:3019: checking whether make supports nested variables
configure:3037: result: yes
configure:3240: checking for gcc
configure:3261: found /usr/bin/gcc
configure:3272: result: gcc
configure:3625: checking for C compiler version
configure:3634: gcc --version >&5
gcc (GCC) 10.2.0
Copyright (C) 2020 Free Software Foundation, Inc.
This is free software; see the source for copying conditions.  There is NO
warranty; not even for MERCHANTABILITY or FITNESS FOR A PARTICULAR PURPOSE.

configure:3645: $? = 0
configure:3634: gcc -v >&5
Using built-in specs.
COLLECT_GCC=gcc
COLLECT_LTO_WRAPPER=/usr/libexec/gcc/x86_64-pc-linux-gnu/10.2.0/lto-wrapper
Target: x86_64-pc-linux-gnu
Configured with: ../configure --without-isl --build=x86_64-pc-linux-gnu --host=x86_64-pc-linux-gnu --prefix=/usr --libdir=/usr/lib --infodir=/usr/share/info --mandir=/usr/share/man --enable-languages=c,c++,fortran --enable-gnu-unique-object --enable-ckecking=release --enable-target-optspace --enable-linker-build-id --enable-threads=posix --enable-__cxa_atexit --enable-clocale=gnu --enable-shared --enable-libmpx --enable-plugin --enable-lto --with-gnu-ld --with-system-zlib --disable-nls --disable-werror --disable-libssp --disable-multilib --disable-libstdcxx-pch --disable-libunwind-exceptions
Thread model: posix
Supported LTO compression algorithms: zlib zstd
gcc version 10.2.0 (GCC) 
configure:3645: $? = 0
configure:3634: gcc -V >&5
gcc: error: unrecognized command-line option '-V'
gcc: fatal error: no input files
compilation terminated.
configure:3645: $? = 1
configure:3634: gcc -qversion >&5
gcc: error: unrecognized command-line option '-qversion'; did you mean '--version'?
gcc: fatal error: no input files
compilation terminated.
configure:3645: $? = 1
configure:3634: gcc -version >&5
gcc: error: unrecognized command-line option '-version'
gcc: fatal error: no input files
compilation terminated.
configure:3645: $? = 1
configure:3665: checking whether the C compiler works
configure:3687: gcc -O2 -g   conftest.c  >&5
configure:3691: $? = 0
configure:3741: result: yes
configure:3744: checking for C compiler default output file name
configure:3746: result: a.out
configure:3752: checking for suffix of executables
configure:3759: gcc -o conftest -O2 -g   conftest.c  >&5
configure:3763: $? = 0
configure:3786: result: 
configure:3808: checking whether we are cross compiling
configure:3816: gcc -o conftest -O2 -g   conftest.c  >&5
configure:3820: $? = 0
configure:3827: ./conftest
configure:3831: $? = 0
configure:3846: result: no
configure:3851: checking for suffix of object files
configure:3874: gcc -c -O2 -g  conftest.c >&5
configure:3878: $? = 0
configure:3900: result: o
configure:3904: checking whether the compiler supports GNU C
configure:3924: gcc -c -O2 -g  conftest.c >&5
configure:3924: $? = 0
configure:3934: result: yes
configure:3945: checking whether gcc accepts -g
configure:3966: gcc -c -g  conftest.c >&5
configure:3966: $? = 0
configure:4010: result: yes
configure:4030: checking for gcc option to enable C11 features
configure:4045: gcc  -c -O2 -g  conftest.c >&5
configure:4045: $? = 0
configure:4063: result: none needed
configure:4179: checking whether gcc understands -c and -o together
configure:4202: gcc -c conftest.c -o conftest2.o
configure:4205: $? = 0
configure:4202: gcc -c conftest.c -o conftest2.o
configure:4205: $? = 0
configure:4217: result: yes
configure:4237: checking whether make supports the include directive
configure:4252: make -f confmf.GNU && cat confinc.out
this is the am__doit target
configure:4255: $? = 0
configure:4274: result: yes (GNU style)
configure:4300: checking dependency style of gcc
configure:4412: result: gcc3
configure:4432: checking for stdio.h
configure:4432: gcc -c -O2 -g  conftest.c >&5
configure:4432: $? = 0
configure:4432: result: yes
configure:4432: checking for stdlib.h
configure:4432: gcc -c -O2 -g  conftest.c >&5
configure:4432: $? = 0
configure:4432: result: yes
configure:4432: checking for string.h
configure:4432: gcc -c -O2 -g  conftest.c >&5
configure:4432: $? = 0
configure:4432: result: yes
configure:4432: checking for inttypes.h
configure:4432: gcc -c -O2 -g  conftest.c >&5
configure:4432: $? = 0
configure:4432: result: yes
configure:4432: checking for stdint.h
configure:4432: gcc -c -O2 -g  conftest.c >&5
configure:4432: $? = 0
configure:4432: result: yes
configure:4432: checking for strings.h
configure:4432: gcc -c -O2 -g  conftest.c >&5
configure:4432: $? = 0
configure:4432: result: yes
configure:4432: checking for sys/stat.h
configure:4432: gcc -c -O2 -g  conftest.c >&5
configure:4432: $? = 0
configure:4432: result: yes
configure:4432: checking for sys/types.h
configure:4432: gcc -c -O2 -g  conftest.c >&5
configure:4432: $? = 0
configure:4432: result: yes
configure:4432: checking for unistd.h
configure:4432: gcc -c -O2 -g  conftest.c >&5
configure:4432: $? = 0
configure:4432: result: yes
configure:4432: checking for sys/time.h
configure:4432: gcc -c -O2 -g  conftest.c >&5
configure:4432: $? = 0
configure:4432: result: yes
configure:4460: checking for stdio.h
configure:4460: result: yes
configure:4466: checking for sys/time.h
configure:4466: result: yes
configure:4472: checking for limits.h
configure:4472: gcc -c -O2 -g  conftest.c >&5
configure:4472: $? = 0
configure:4472: result: yes
configure:4478: checking for errno.h
configure:4478: gcc -c -O2 -g  conftest.c >&5
configure:4478: $? = 0
configure:4478: result: yes
configure:4486: checking for assert.h
configure:4486: gcc -c -O2 -g  conftest.c >&5
configure:4486: $? = 0
configure:4486: result: yes
configure:4492: checking for assert
configure:4492: gcc -o conftest -O2 -g   conftest.c  -lc -lpthread >&5
/usr/bin/ld: /tmp/ccncsdse.o: in function `main':
/home/bsfc/code/chrono/conftest.c:53: undefined reference to `assert'
collect2: error: ld returned 1 exit status
configure:4492: $? = 1
configure: failed program was:
| /* confdefs.h */
| #define PACKAGE_NAME "chrono"
| #define PACKAGE_TARNAME "chrono"
| #define PACKAGE_VERSION "0.2.43"
| #define PACKAGE_STRING "chrono 0.2.43"
| #define PACKAGE_BUGREPORT "bugs@esselfe.ca"
| #define PACKAGE_URL ""
| #define PACKAGE "chrono"
| #define VERSION "0.2.43"
| #define HAVE_STDIO_H 1
| #define HAVE_STDLIB_H 1
| #define HAVE_STRING_H 1
| #define HAVE_INTTYPES_H 1
| #define HAVE_STDINT_H 1
| #define HAVE_STRINGS_H 1
| #define HAVE_SYS_STAT_H 1
| #define HAVE_SYS_TYPES_H 1
| #define HAVE_UNISTD_H 1
| #define HAVE_SYS_TIME_H 1
| #define STDC_HEADERS 1
| #define HAVE_STDIO_H 1
| #define HAVE_SYS_TIME_H 1
| #define HAVE_LIMITS_H 1
| #define HAVE_ERRNO_H 1
| /* end confdefs.h.  */
| /* Define assert to an innocuous variant, in case <limits.h> declares assert.
|    For example, HP-UX 11i <limits.h> declares gettimeofday.  */
| #define assert innocuous_assert
| 
| /* System header to define __stub macros and hopefully few prototypes,
|    which can conflict with char assert (); below.  */
| 
| #include <limits.h>
| #undef assert
| 
| /* Override any GCC internal prototype to avoid an error.
|    Use char because int might match the return type of a GCC
|    builtin and then its argument prototype would still apply.  */
| #ifdef __cplusplus
| extern "C"
| #endif
| char assert ();
| /* The GNU C library defines this for functions which it implements
|     to always fail with ENOSYS.  Some functions are actually named
|     something starting with __ and the normal name is an alias.  */
| #if defined __stub_assert || defined __stub___assert
| choke me
| #endif
| 
| int
| main (void)
| {
| return assert ();
|   ;
|   return 0;
| }
configure:4492: result: no
configure:4499: checking for atoi
configure:4499: gcc -o conftest -O2 -g   conftest.c  -lc -lpthread >&5
configure:4499: $? = 0
configure:4499: result: yes
configure:4505: checking for exit
configure:4505: gcc -o conftest -O2 -g   conftest.c  -lc -lpthread >&5
conftest.c:43:6: warning: conflicting types for built-in function 'exit'; expected 'void(int)' [-Wbuiltin-declaration-mismatch]
   43 | char exit ();
      |      ^~~~
conftest.c:35:1: note: 'exit' is declared in header '<stdlib.h>'
   34 | #include <limits.h>
   35 | #undef exit
configure:4505: $? = 0
configure:4505: result: yes
configure:4511: checking for getopt_long
configure:4511: gcc -o conftest -O2 -g   conftest.c  -lc -lpthread >&5
configure:4511: $? = 0
configure:4511: result: yes
configure:4517: checking for gettimeofday
configure:4517: gcc -o conftest -O2 -g   conftest.c  -lc -lpthread >&5
configure:4517: $? = 0
configure:4517: result: yes
configure:4523: checking for gmtime
configure:4523: gcc -o conftest -O2 -g   conftest.c  -lc -lpthread >&5
configure:4523: $? = 0
configure:4523: result: yes
configure:4529: checking for memset
configure:4529: gcc -o conftest -O2 -g   conftest.c  -lc -lpthread >&5
conftest.c:47:6: warning: conflicting types for built-in function 'memset'; expected 'void *(void *, int,  long unsigned int)' [-Wbuiltin-declaration-mismatch]
   47 | char memset ();
      |      ^~~~~~
conftest.c:39:1: note: 'memset' is declared in header '<string.h>'
   38 | #include <limits.h>
   39 | #undef memset
configure:4529: $? = 0
configure:4529: result: yes
configure:4542: checking build system type
configure:4557: result: x86_64-pc-linux-gnu
configure:4577: checking host system type
configure:4591: result: x86_64-pc-linux-gnu
configure:4611: checking for GNU libc compatible malloc
configure:4643: gcc -o conftest -O2 -g   conftest.c  -lc -lpthread >&5
configure:4643: $? = 0
configure:4643: ./conftest
configure:4643: $? = 0
configure:4654: result: yes
configure:4676: checking for strdup
configure:4676: gcc -o conftest -O2 -g   conftest.c  -lc -lpthread >&5
conftest.c:49:6: warning: conflicting types for built-in function 'strdup'; expected 'char *(const char *)' [-Wbuiltin-declaration-mismatch]
   49 | char strdup ();
      |      ^~~~~~
configure:4676: $? = 0
configure:4676: result: yes
configure:4682: checking for strlen
configure:4682: gcc -o conftest -O2 -g   conftest.c  -lc -lpthread >&5
conftest.c:50:6: warning: conflicting types for built-in function 'strlen'; expected 'long unsigned int(const char *)' [-Wbuiltin-declaration-mismatch]
   50 | char strlen ();
      |      ^~~~~~
conftest.c:42:1: note: 'strlen' is declared in header '<string.h>'
   41 | #include <limits.h>
   42 | #undef strlen
configure:4682: $? = 0
configure:4682: result: yes
configure:4688: checking for strerror
configure:4688: gcc -o conftest -O2 -g   conftest.c  -lc -lpthread >&5
configure:4688: $? = 0
configure:4688: result: yes
configure:4694: checking for timeradd
configure:4694: gcc -o conftest -O2 -g   conftest.c  -lc -lpthread >&5
/usr/bin/ld: /tmp/ccpxc8OF.o: in function `main':
/home/bsfc/code/chrono/conftest.c:63: undefined reference to `timeradd'
collect2: error: ld returned 1 exit status
configure:4694: $? = 1
configure: failed program was:
| /* confdefs.h */
| #define PACKAGE_NAME "chrono"
| #define PACKAGE_TARNAME "chrono"
| #define PACKAGE_VERSION "0.2.43"
| #define PACKAGE_STRING "chrono 0.2.43"
| #define PACKAGE_BUGREPORT "bugs@esselfe.ca"
| #define PACKAGE_URL ""
| #define PACKAGE "chrono"
| #define VERSION "0.2.43"
| #define HAVE_STDIO_H 1
| #define HAVE_STDLIB_H 1
| #define HAVE_STRING_H 1
| #define HAVE_INTTYPES_H 1
| #define HAVE_STDINT_H 1
| #define HAVE_STRINGS_H 1
| #define HAVE_SYS_STAT_H 1
| #define HAVE_SYS_TYPES_H 1
| #define HAVE_UNISTD_H 1
| #define HAVE_SYS_TIME_H 1
| #define STDC_HEADERS 1
| #define HAVE_STDIO_H 1
| #define HAVE_SYS_TIME_H 1
| #define HAVE_LIMITS_H 1
| #define HAVE_ERRNO_H 1
| #define HAVE_ATOI 1
| #define HAVE_EXIT 1
| #define HAVE_GETOPT_LONG 1
| #define HAVE_GETTIMEOFDAY 1
| #define HAVE_GMTIME 1
| #define HAVE_MEMSET 1
| #define HAVE_MALLOC 1
| #define HAVE_STRDUP 1
| #define HAVE_STRLEN 1
| #define HAVE_STRERROR 1
| /* end confdefs.h.  */
| /* Define timeradd to an innocuous variant, in case <limits.h> declares timeradd.
|    For example, HP-UX 11i <limits.h> declares gettimeofday.  */
| #define timeradd innocuous_timeradd
| 
| /* System header to define __stub macros and hopefully few prototypes,
|    which can conflict with char timeradd (); below.  */
| 
| #include <limits.h>
| #undef timeradd
| 
| /* Override any GCC internal prototype to avoid an error.
|    Use char because int might match the return type of a GCC
|    builtin and then its argument prototype would still apply.  */
| #ifdef __cplusplus
| extern "C"
| #endif
| char timeradd ();
| /* The GNU C library defines this for functions which it implements
|     to always fail with ENOSYS.  Some functions are actually named
|     something starting with __ and the normal name is an alias.  */
| #if defined __stub_timeradd || defined __stub___timeradd
| choke me
| #endif
| 
| int
| main (void)
| {
| return timeradd ();
|   ;
|   return 0;
| }
configure:4694: result: no
configure:4700: checking for timersub
configure:4700: gcc -o conftest -O2 -g   conftest.c  -lc -lpthread >&5
/usr/bin/ld: /tmp/ccj5DZLH.o: in function `main':
/home/bsfc/code/chrono/conftest.c:63: undefined reference to `timersub'
collect2: error: ld returned 1 exit status
configure:4700: $? = 1
configure: failed program was:
| /* confdefs.h */
| #define PACKAGE_NAME "chrono"
| #define PACKAGE_TARNAME "chrono"
| #define PACKAGE_VERSION "0.2.43"
| #define PACKAGE_STRING "chrono 0.2.43"
| #define PACKAGE_BUGREPORT "bugs@esselfe.ca"
| #define PACKAGE_URL ""
| #define PACKAGE "chrono"
| #define VERSION "0.2.43"
| #define HAVE_STDIO_H 1
| #define HAVE_STDLIB_H 1
| #define HAVE_STRING_H 1
| #define HAVE_INTTYPES_H 1
| #define HAVE_STDINT_H 1
| #define HAVE_STRINGS_H 1
| #define HAVE_SYS_STAT_H 1
| #define HAVE_SYS_TYPES_H 1
| #define HAVE_UNISTD_H 1
| #define HAVE_SYS_TIME_H 1
| #define STDC_HEADERS 1
| #define HAVE_STDIO_H 1
| #define HAVE_SYS_TIME_H 1
| #define HAVE_LIMITS_H 1
| #define HAVE_ERRNO_H 1
| #define HAVE_ATOI 1
| #define HAVE_EXIT 1
| #define HAVE_GETOPT_LONG 1
| #define HAVE_GETTIMEOFDAY 1
| #define HAVE_GMTIME 1
| #define HAVE_MEMSET 1
| #define HAVE_MALLOC 1
| #define HAVE_STRDUP 1
| #define HAVE_STRLEN 1
| #define HAVE_STRERROR 1
| /* end confdefs.h.  */
| /* Define timersub to an innocuous variant, in case <limits.h> declares timersub.
|    For example, HP-UX 11i <limits.h> declares gettimeofday.  */
| #define timersub innocuous_timersub
| 
| /* System header to define __stub macros and hopefully few prototypes,
|    which can conflict with char timersub (); below.  */
| 
| #include <limits.h>
| #undef timersub
| 
| /* Override any GCC internal prototype to avoid an error.
|    Use char because int might match the return type of a GCC
|    builtin and then its argument prototype would still apply.  */
| #ifdef __cplusplus
| extern "C"
| #endif
| char timersub ();
| /* The GNU C library defines this for functions which it implements
|     to always fail with ENOSYS.  Some functions are actually named
|     something starting with __ and the normal name is an alias.  */
| #if defined __stub_timersub || defined __stub___timersub
| choke me
| #endif
| 
| int
| main (void)
| {
| return timersub ();
|   ;
|   return 0;
| }
configure:4700: result: no
configure:4706: checking for pthread_create
configure:4706: gcc -o conftest -O2 -g   conftest.c  -lc -lpthread >&5
configure:4706: $? = 0
configure:4706: result: yes
configure:4712: checking for usleep
configure:4712: gcc -o conftest -O2 -g   conftest.c  -lc -lpthread >&5
configure:4712: $? = 0
configure:4712: result: yes
configure:4729: checking whether to use ncurses
configure:4732: result: yes
configure:4737: checking for ncursesw/ncurses.h
configure:4737: gcc -c -O2 -g  conftest.c >&5
configure:4737: $? = 0
configure:4737: result: yes
configure:4747: checking for getch
configure:4747: gcc -o conftest -O2 -g   conftest.c  -lc -lpthread -lncurses >&5
configure:4747: $? = 0
configure:4747: result: yes
configure:4753: checking for initscr
configure:4753: gcc -o conftest -O2 -g   conftest.c  -lc -lpthread -lncurses >&5
configure:4753: $? = 0
configure:4753: result: yes
configure:4759: checking for endwin
configure:4759: gcc -o conftest -O2 -g   conftest.c  -lc -lpthread -lncurses >&5
configure:4759: $? = 0
configure:4759: result: yes
configure:4765: checking for printw
configure:4765: gcc -o conftest -O2 -g   conftest.c  -lc -lpthread -lncurses >&5
configure:4765: $? = 0
configure:4765: result: yes
configure:4771: checking for refresh
configure:4771: gcc -o conftest -O2 -g   conftest.c  -lc -lpthread -lncurses >&5
configure:4771: $? = 0
configure:4771: result: yes
configure:4805: checking whether to use X11
configure:4808: result: yes
configure:4816: checking how to run the C preprocessor
configure:4842: gcc -E  conftest.c
configure:4842: $? = 0
configure:4857: gcc -E  conftest.c
conftest.c:45:10: fatal error: ac_nonexistent.h: No such file or directory
   45 | #include <ac_nonexistent.h>
      |          ^~~~~~~~~~~~~~~~~~
compilation terminated.
configure:4857: $? = 1
configure: failed program was:
| /* confdefs.h */
| #define PACKAGE_NAME "chrono"
| #define PACKAGE_TARNAME "chrono"
| #define PACKAGE_VERSION "0.2.43"
| #define PACKAGE_STRING "chrono 0.2.43"
| #define PACKAGE_BUGREPORT "bugs@esselfe.ca"
| #define PACKAGE_URL ""
| #define PACKAGE "chrono"
| #define VERSION "0.2.43"
| #define HAVE_STDIO_H 1
| #define HAVE_STDLIB_H 1
| #define HAVE_STRING_H 1
| #define HAVE_INTTYPES_H 1
| #define HAVE_STDINT_H 1
| #define HAVE_STRINGS_H 1
| #define HAVE_SYS_STAT_H 1
| #define HAVE_SYS_TYPES_H 1
| #define HAVE_UNISTD_H 1
| #define HAVE_SYS_TIME_H 1
| #define STDC_HEADERS 1
| #define HAVE_STDIO_H 1
| #define HAVE_SYS_TIME_H 1
| #define HAVE_LIMITS_H 1
| #define HAVE_ERRNO_H 1
| #define HAVE_ATOI 1
| #define HAVE_EXIT 1
| #define HAVE_GETOPT_LONG 1
| #define HAVE_GETTIMEOFDAY 1
| #define HAVE_GMTIME 1
| #define HAVE_MEMSET 1
| #define HAVE_MALLOC 1
| #define HAVE_STRDUP 1
| #define HAVE_STRLEN 1
| #define HAVE_STRERROR 1
| #define HAVE_PTHREAD_CREATE 1
| #define HAVE_USLEEP 1
| #define HAVE_NCURSESW_NCURSES_H 1
| #define HAVE_GETCH 1
| #define HAVE_INITSCR 1
| #define HAVE_ENDWIN 1
| #define HAVE_PRINTW 1
| #define HAVE_REFRESH 1
| #define HAVE_NCURSES 1
| /* end confdefs.h.  */
| #include <ac_nonexistent.h>
configure:4884: result: gcc -E
configure:4898: gcc -E  conftest.c
configure:4898: $? = 0
configure:4913: gcc -E  conftest.c
conftest.c:45:10: fatal error: ac_nonexistent.h: No such file or directory
   45 | #include <ac_nonexistent.h>
      |          ^~~~~~~~~~~~~~~~~~
compilation terminated.
configure:4913: $? = 1
configure: failed program was:
| /* confdefs.h */
| #define PACKAGE_NAME "chrono"
| #define PACKAGE_TARNAME "chrono"
| #define PACKAGE_VERSION "0.2.43"
| #define PACKAGE_STRING "chrono 0.2.43"
| #define PACKAGE_BUGREPORT "bugs@esselfe.ca"
| #define PACKAGE_URL ""
| #define PACKAGE "chrono"
| #define VERSION "0.2.43"
| #define HAVE_STDIO_H 1
| #define HAVE_STDLIB_H 1
| #define HAVE_STRING_H 1
| #define HAVE_INTTYPES_H 1
| #define HAVE_STDINT_H 1
| #define HAVE_STRINGS_H 1
| #define HAVE_SYS_STAT_H 1
| #define HAVE_SYS_TYPES_H 1
| #define HAVE_UNISTD_H 1
| #define HAVE_SYS_TIME_H 1
| #define STDC_HEADERS 1
| #define HAVE_STDIO_H 1
| #define HAVE_SYS_TIME_H 1
| #define HAVE_LIMITS_H 1
| #define HAVE_ERRNO_H 1
| #define HAVE_ATOI 1
| #define HAVE_EXIT 1
| #define HAVE_GETOPT_LONG 1
| #define HAVE_GETTIMEOFDAY 1
| #define HAVE_GMTIME 1
| #define HAVE_MEMSET 1
| #define HAVE_MALLOC 1
| #define HAVE_STRDUP 1
| #define HAVE_STRLEN 1
| #define HAVE_STRERROR 1
| #define HAVE_PTHREAD_CREATE 1
| #define HAVE_USLEEP 1
| #define HAVE_NCURSESW_NCURSES_H 1
| #define HAVE_GETCH 1
| #define HAVE_INITSCR 1
| #define HAVE_ENDWIN 1
| #define HAVE_PRINTW 1
| #define HAVE_REFRESH 1
| #define HAVE_NCURSES 1
| /* end confdefs.h.  */
| #include <ac_nonexistent.h>
configure:4944: checking for X
configure:4982: gcc -o conftest -O2 -g   conftest.c -lX11  -lc -lpthread -lncurses -lX11 -lXext >&5
configure:4982: $? = 0
configure:5169: result: libraries , headers 
configure:5176: checking for X11/Xlib.h
configure:5176: gcc -c -O2 -g  conftest.c >&5
configure:5176: $? = 0
configure:5176: result: yes
configure:5176: checking for X11/Xatom.h
configure:5176: gcc -c -O2 -g  conftest.c >&5
configure:5176: $? = 0
configure:5176: result: yes
configure:5176: checking for X11/Xutil.h
configure:5176: gcc -c -O2 -g  conftest.c >&5
configure:5176: $? = 0
configure:5176: result: yes
configure:5188: checking for XOpenDisplay
configure:5188: gcc -o conftest -O2 -g   conftest.c  -lc -lpthread -lncurses -lX11 -lXext >&5
configure:5188: $? = 0
configure:5188: result: yes
configure:5194: checking for XPending
configure:5194: gcc -o conftest -O2 -g   conftest.c  -lc -lpthread -lncurses -lX11 -lXext >&5
configure:5194: $? = 0
configure:5194: result: yes
configure:5200: checking for XNextEvent
configure:5200: gcc -o conftest -O2 -g   conftest.c  -lc -lpthread -lncurses -lX11 -lXext >&5
configure:5200: $? = 0
configure:5200: result: yes
configure:5206: checking for XSetErrorHandler
configure:5206: gcc -o conftest -O2 -g   conftest.c  -lc -lpthread -lncurses -lX11 -lXext >&5
configure:5206: $? = 0
configure:5206: result: yes
configure:5212: checking for XCreateWindow
configure:5212: gcc -o conftest -O2 -g   conftest.c  -lc -lpthread -lncurses -lX11 -lXext >&5
configure:5212: $? = 0
configure:5212: result: yes
configure:5219: checking for XSetWMNormalHints
configure:5219: gcc -o conftest -O2 -g   conftest.c  -lc -lpthread -lncurses -lX11 -lXext >&5
configure:5219: $? = 0
configure:5219: result: yes
configure:5225: checking for XSetWMHints
configure:5225: gcc -o conftest -O2 -g   conftest.c  -lc -lpthread -lncurses -lX11 -lXext >&5
configure:5225: $? = 0
configure:5225: result: yes
configure:5231: checking for XSetWMName
configure:5231: gcc -o conftest -O2 -g   conftest.c  -lc -lpthread -lncurses -lX11 -lXext >&5
configure:5231: $? = 0
configure:5231: result: yes
configure:5237: checking for XStringListToTextProperty
configure:5237: gcc -o conftest -O2 -g   conftest.c  -lc -lpthread -lncurses -lX11 -lXext >&5
configure:5237: $? = 0
configure:5237: result: yes
configure:5244: checking for XSetWMIconName
configure:5244: gcc -o conftest -O2 -g   conftest.c  -lc -lpthread -lncurses -lX11 -lXext >&5
configure:5244: $? = 0
configure:5244: result: yes
configure:5250: checking for XLoadQueryFont
configure:5250: gcc -o conftest -O2 -g   conftest.c  -lc -lpthread -lncurses -lX11 -lXext >&5
configure:5250: $? = 0
configure:5250: result: yes
configure:5256: checking for XCreateGC
configure:5256: gcc -o conftest -O2 -g   conftest.c  -lc -lpthread -lncurses -lX11 -lXext >&5
configure:5256: $? = 0
configure:5256: result: yes
configure:5262: checking for XMapWindow
configure:5262: gcc -o conftest -O2 -g   conftest.c  -lc -lpthread -lncurses -lX11 -lXext >&5
configure:5262: $? = 0
configure:5262: result: yes
configure:5268: checking for XInternAtom
configure:5268: gcc -o conftest -O2 -g   conftest.c  -lc -lpthread -lncurses -lX11 -lXext >&5
configure:5268: $? = 0
configure:5268: result: yes
configure:5275: checking for XSendEvent
configure:5275: gcc -o conftest -O2 -g   conftest.c  -lc -lpthread -lncurses -lX11 -lXext >&5
configure:5275: $? = 0
configure:5275: result: yes
configure:5281: checking for XClearArea
configure:5281: gcc -o conftest -O2 -g   conftest.c  -lc -lpthread -lncurses -lX11 -lXext >&5
configure:5281: $? = 0
configure:5281: result: yes
configure:5287: checking for XDrawText
configure:5287: gcc -o conftest -O2 -g   conftest.c  -lc -lpthread -lncurses -lX11 -lXext >&5
configure:5287: $? = 0
configure:5287: result: yes
configure:5293: checking for XUnmapWindow
configure:5293: gcc -o conftest -O2 -g   conftest.c  -lc -lpthread -lncurses -lX11 -lXext >&5
configure:5293: $? = 0
configure:5293: result: yes
configure:5299: checking for XDestroyWindow
configure:5299: gcc -o conftest -O2 -g   conftest.c  -lc -lpthread -lncurses -lX11 -lXext >&5
configure:5299: $? = 0
configure:5299: result: yes
configure:5339: checking whether to use SDL
configure:5342: result: yes
configure:5348: checking for SDL2/SDL.h
configure:5348: gcc -c -O2 -g  conftest.c >&5
configure:5348: $? = 0
configure:5348: result: yes
configure:5348: checking for SDL2/SDL_audio.h
configure:5348: gcc -c -O2 -g  conftest.c >&5
configure:5348: $? = 0
configure:5348: result: yes
configure:5360: checking for SDL_Init
configure:5360: gcc -o conftest -O2 -g   conftest.c  -lc -lpthread -lncurses -lX11 -lXext -lSDL2 >&5
configure:5360: $? = 0
configure:5360: result: yes
configure:5366: checking for SDL_OpenAudio
configure:5366: gcc -o conftest -O2 -g   conftest.c  -lc -lpthread -lncurses -lX11 -lXext -lSDL2 >&5
configure:5366: $? = 0
configure:5366: result: yes
configure:5372: checking for SDL_CloseAudio
configure:5372: gcc -o conftest -O2 -g   conftest.c  -lc -lpthread -lncurses -lX11 -lXext -lSDL2 >&5
configure:5372: $? = 0
configure:5372: result: yes
configure:5378: checking for SDL_PauseAudio
configure:5378: gcc -o conftest -O2 -g   conftest.c  -lc -lpthread -lncurses -lX11 -lXext -lSDL2 >&5
configure:5378: $? = 0
configure:5378: result: yes
configure:5384: checking for SDL_Quit
configure:5384: gcc -o conftest -O2 -g   conftest.c  -lc -lpthread -lncurses -lX11 -lXext -lSDL2 >&5
configure:5384: $? = 0
configure:5384: result: yes
configure:5512: checking that generated files are newer than configure
configure:5518: result: done
configure:5553: creating ./config.status

## ---------------------- ##
## Running config.status. ##
## ---------------------- ##

This file was extended by chrono config.status 0.2.43, which was
generated by GNU Autoconf 2.71.  Invocation command line was

  CONFIG_FILES    = 
  CONFIG_HEADERS  = 
  CONFIG_LINKS    = 
  CONFIG_COMMANDS = 
  $ ./config.status 

on BSFC-LT04

config.status:917: creating Makefile
config.status:917: creating config.h
config.status:1146: executing depfiles commands
config.status:1223: cd .       && sed -e '/# am--include-marker/d' Makefile         | make -f - am--depfiles
make: Nothing to be done for 'am--depfiles'.
config.status:1228: $? = 0

## ---------------- ##
## Cache variables. ##
## ---------------- ##

ac_cv_build=x86_64-pc-linux-gnu
ac_cv_c_compiler_gnu=yes
ac_cv_env_CC_set=
ac_cv_env_CC_value=
ac_cv_env_CFLAGS_set=
ac_cv_env_CFLAGS_value=
ac_cv_env_CPPFLAGS_set=
ac_cv_env_CPPFLAGS_value=
ac_cv_env_CPP_set=
ac_cv_env_CPP_value=
ac_cv_env_LDFLAGS_set=
ac_cv_env_LDFLAGS_value=
ac_cv_env_LIBS_set=
ac_cv_env_LIBS_value=
ac_cv_env_XMKMF_set=
ac_cv_env_XMKMF_value=
ac_cv_env_build_alias_set=
ac_cv_env_build_alias_value=
ac_cv_env_host_alias_set=
ac_cv_env_host_alias_value=
ac_cv_env_target_alias_set=
ac_cv_env_target_alias_value=
ac_cv_func_SDL_CloseAudio=yes
ac_cv_func_SDL_Init=yes
ac_cv_func_SDL_OpenAudio=yes
ac_cv_func_SDL_PauseAudio=yes
ac_cv_func_SDL_Quit=yes
ac_cv_func_XClearArea=yes
ac_cv_func_XCreateGC=yes
ac_cv_func_XCreateWindow=yes
ac_cv_func_XDestroyWindow=yes
ac_cv_func_XDrawText=yes
ac_cv_func_XInternAtom=yes
ac_cv_func_XLoadQueryFont=yes
ac_cv_func_XMapWindow=yes
ac_cv_func_XNextEvent=yes
ac_cv_func_XOpenDisplay=yes
ac_cv_func_XPending=yes
ac_cv_func_XSendEvent=yes
ac_cv_func_XSetErrorHandler=yes
ac_cv_func_XSetWMHints=yes
ac_cv_func_XSetWMIconName=yes
ac_cv_func_XSetWMName=yes
ac_cv_func_XSetWMNormalHints=yes
ac_cv_func_XStringListToTextProperty=yes
ac_cv_func_XUnmapWindow=yes
ac_cv_func_assert=no
ac_cv_func_atoi=yes
ac_cv_func_endwin=yes
ac_cv_func_exit=yes
ac_cv_func_getch=yes
ac_cv_func_getopt_long=yes
ac_cv_func_gettimeofday=yes
ac_cv_func_gmtime=yes
ac_cv_func_initscr=yes
ac_cv_func_malloc_0_nonnull=yes
ac_cv_func_memset=yes
ac_cv_func_printw=yes
ac_cv_func_pthread_create=yes
ac_cv_func_refresh=yes
ac_cv_func_strdup=yes
ac_cv_func_strerror=yes
ac_cv_func_strlen=yes
ac_cv_func_timeradd=no
ac_cv_func_timersub=no
ac_cv_func_usleep=yes
ac_cv_have_x='have_x=yes	ac_x_includes='\'''\''	ac_x_libraries='\'''\'''
ac_cv_header_SDL2_SDL_audio_h=yes
ac_cv_header_SDL2_SDL_h=yes
ac_cv_header_X11_Xatom_h=yes
ac_cv_header_X11_Xlib_h=yes
ac_cv_header_X11_Xutil_h=yes
ac_cv_header_assert_h=yes
ac_cv_header_errno_h=yes
ac_cv_header_inttypes_h=yes
ac_cv_header_limits_h=yes
ac_cv_header_ncursesw_ncurses_h=yes
ac_cv_header_stdint_h=yes
ac_cv_header_stdio_h=yes
ac_cv_header_stdlib_h=yes
ac_cv_header_string_h=yes
ac_cv_header_strings_h=yes
ac_cv_header_sys_stat_h=yes
ac_cv_header_sys_time_h=yes
ac_cv_header_sys_types_h=yes
ac_cv_header_unistd_h=yes
ac_cv_host=x86_64-pc-linux-gnu
ac_cv_objext=o
ac_cv_path_install='/usr/bin/install -c'
ac_cv_path_mkdir=/usr/bin/mkdir
ac_cv_prog_AWK=gawk
ac_cv_prog_CPP='gcc -E'
ac_cv_prog_ac_ct_CC=gcc
ac_cv_prog_cc_c11=
ac_cv_prog_cc_g=yes
ac_cv_prog_cc_stdc=
ac_cv_prog_make_make_set=yes
am_cv_CC_dependencies_compiler_type=gcc3
am_cv_make_support_nested_variables=yes
am_cv_prog_cc_c_o=yes

## ----------------- ##
## Output variables. ##
## ----------------- ##

ACLOCAL='${SHELL} '\''/home/bsfc/code/chrono/missing'\'' aclocal-1.16'
AMDEPBACKSLASH='\'
AMDEP_FALSE='#'
AMDEP_TRUE=''
AMTAR='$${TAR-tar}'
AM_BACKSLASH='\'
AM_DEFAULT_V='$(AM_DEFAULT_VERBOSITY)'
AM_DEFAULT_VERBOSITY='1'
AM_V='$(V)'
AUTOCONF='${SHELL} '\''/home/bsfc/code/chrono/missing'\'' autoconf'
AUTOHEADER='${SHELL} '\''/home/bsfc/code/chrono/missing'\'' autoheader'
AUTOMAKE='${SHELL} '\''/home/bsfc/code/chrono/missing'\'' automake-1.16'
AWK='gawk'
CC='gcc'
CCDEPMODE='depmode=gcc3'
CFLAGS='-O2 -g'
CPP='gcc -E'
CPPFLAGS=''
CSCOPE='cscope'
CTAGS='ctags'
CYGPATH_W='echo'
DEFS='-DHAVE_CONFIG_H'
DEPDIR='.deps'
ECHO_C=''
ECHO_N='-n'
ECHO_T=''
ETAGS='etags'
EXEEXT=''
HAVE_NCURSES_FALSE='#'
HAVE_NCURSES_TRUE=''
HAVE_SDL_FALSE='#'
HAVE_SDL_TRUE=''
HAVE_X11_FALSE='#'
HAVE_X11_TRUE=''
INSTALL_DATA='${INSTALL} -m 644'
INSTALL_PROGRAM='${INSTALL}'
INSTALL_SCRIPT='${INSTALL}'
INSTALL_STRIP_PROGRAM='$(install_sh) -c -s'
LDFLAGS=''
LIBOBJS=''
LIBS=' -lc -lpthread -lncurses -lX11 -lXext -lSDL2'
LTLIBOBJS=''
MAKEINFO='${SHELL} '\''/home/bsfc/code/chrono/missing'\'' makeinfo'
MKDIR_P='/usr/bin/mkdir -p'
OBJEXT='o'
PACKAGE='chrono'
PACKAGE_BUGREPORT='bugs@esselfe.ca'
PACKAGE_NAME='chrono'
PACKAGE_STRING='chrono 0.2.43'
PACKAGE_TARNAME='chrono'
PACKAGE_URL=''
PACKAGE_VERSION='0.2.43'
PATH_SEPARATOR=':'
SET_MAKE=''
SHELL='/bin/sh'
STRIP=''
VERSION='0.2.43'
XMKMF=''
ac_ct_CC='gcc'
am__EXEEXT_FALSE=''
am__EXEEXT_TRUE='#'
am__fastdepCC_FALSE='#'
am__fastdepCC_TRUE=''
am__include='include'
am__isrc=''
am__leading_dot='.'
am__nodep='_no'
am__quote=''
am__tar='$${TAR-tar} chof - "$$tardir"'
am__untar='$${TAR-tar} xf -'
bindir='${exec_prefix}/bin'
build='x86_64-pc-linux-gnu'
build_alias=''
build_cpu='x86_64'
build_os='linux-gnu'
build_vendor='pc'
datadir='${datarootdir}'
datarootdir='${prefix}/share'
docdir='${datarootdir}/doc/${PACKAGE_TARNAME}'
dvidir='${docdir}'
exec_prefix='${prefix}'
host='x86_64-pc-linux-gnu'
host_alias=''
host_cpu='x86_64'
host_os='linux-gnu'
host_vendor='pc'
htmldir='${docdir}'
includedir='${prefix}/include'
infodir='${datarootdir}/info'
install_sh='${SHELL} /home/bsfc/code/chrono/install-sh'
libdir='${exec_prefix}/lib'
libexecdir='${exec_prefix}/libexec'
localedir='${datarootdir}/locale'
localstatedir='${prefix}/var'
mandir='${datarootdir}/man'
mkdir_p='$(MKDIR_P)'
oldincludedir='/usr/include'
pdfdir='${docdir}'
prefix='/usr/local'
program_transform_name='s,x,x,'
psdir='${docdir}'
runstatedir='${localstatedir}/run'
sbindir='${exec_prefix}/sbin'
sharedstatedir='${prefix}/com'
sysconfdir='${prefix}/etc'
target_alias=''

## ----------- ##
## confdefs.h. ##
## ----------- ##

/* confdefs.h */
#define PACKAGE_NAME "chrono"
#define PACKAGE_TARNAME "chrono"
#define PACKAGE_VERSION "0.2.43"
#define PACKAGE_STRING "chrono 0.2.43"
#define PACKAGE_BUGREPORT "bugs@esselfe.ca"
#define PACKAGE_URL ""
#define PACKAGE "chrono"
#define VERSION "0.2.43"
#define HAVE_STDIO_H 1
#define HAVE_STDLIB_H 1
#define HAVE_STRING_H 1
#define HAVE_INTTYPES_H 1
#define HAVE_STDINT_H 1
#define HAVE_STRINGS_H 1
#define HAVE_SYS_STAT_H 1
#define HAVE_SYS_TYPES_H 1
#define HAVE_UNISTD_H 1
#define HAVE_SYS_TIME_H 1
#define STDC_HEADERS 1
#define HAVE_STDIO_H 1
#define HAVE_SYS_TIME_H 1
#define HAVE_LIMITS_H 1
#define HAVE_ERRNO_H 1
#define HAVE_ATOI 1
#define HAVE_EXIT 1
#define HAVE_GETOPT_LONG 1
#define HAVE_GETTIMEOFDAY 1
#define HAVE_GMTIME 1
#define HAVE_MEMSET 1
#define HAVE_MALLOC 1
#define HAVE_STRDUP 1
#define HAVE_STRLEN 1
#define HAVE_STRERROR 1
#define HAVE_PTHREAD_CREATE 1
#define HAVE_USLEEP 1
#define HAVE_NCURSESW_NCURSES_H 1
#define HAVE_GETCH 1
#define HAVE_INITSCR 1
#define HAVE_ENDWIN 1
#define HAVE_PRINTW 1
#define HAVE_REFRESH 1
#define HAVE_NCURSES 1
#define HAVE_X11_XLIB_H 1
#define HAVE_X11_XATOM_H 1
#define HAVE_X11_XUTIL_H 1
#define HAVE_XOPENDISPLAY 1
#define HAVE_XPENDING 1
#define HAVE_XNEXTEVENT 1
#define HAVE_XSETERRORHANDLER 1
#define HAVE_XCREATEWINDOW 1
#define HAVE_XSETWMNORMALHINTS 1
#define HAVE_XSETWMHINTS 1
#define HAVE_XSETWMNAME 1
#define HAVE_XSTRINGLISTTOTEXTPROPERTY 1
#define HAVE_XSETWMICONNAME 1
#define HAVE_XLOADQUERYFONT 1
#define HAVE_XCREATEGC 1
#define HAVE_XMAPWINDOW 1
#define HAVE_XINTERNATOM 1
#define HAVE_XSENDEVENT 1
#define HAVE_XCLEARAREA 1
#define HAVE_XDRAWTEXT 1
#define HAVE_XUNMAPWINDOW 1
#define HAVE_XDESTROYWINDOW 1
#define HAVE_X11 1
#define HAVE_SDL2_SDL_H 1
#define HAVE_SDL2_SDL_AUDIO_H 1
#define HAVE_SDL_INIT 1
#define HAVE_SDL_OPENAUDIO 1
#define HAVE_SDL_CLOSEAUDIO 1
#define HAVE_SDL_PAUSEAUDIO 1
#define HAVE_SDL_QUIT 1
#define HAVE_SDL 1

configure: exit 0
